sizeof global2 4
sizeof Array$ 24
sizeof Error$ 4
sizeof RegExp$ 4
sizeof Error 12
sizeof UninitializedError 12
sizeof global0 4
sizeof global4 12
sizeof Namespace$ 4
sizeof TypeError$ 4
sizeof global1 48
sizeof throwError activation 20
sizeof Boolean$ 4
sizeof ReferenceError 12
sizeof global5 88
sizeof SyntaxError 12
sizeof EvalError$ 4
sizeof QName$ 4
sizeof ReferenceError$ 4
sizeof EvalError 12
sizeof Date$ 4
sizeof ArgumentError 12
sizeof Math$ 72
sizeof Number$ 56
sizeof VerifyError 12
sizeof int$ 12
sizeof SecurityError 12
sizeof Function$ 4
sizeof DefinitionError 12
sizeof UninitializedError$ 4
sizeof global3 4
sizeof uint$ 12
sizeof URIError$ 4
sizeof String$ 4
sizeof TypeError 12
sizeof RangeError$ 4
sizeof XML$ 4
sizeof Class$ 4
sizeof SyntaxError$ 4
sizeof XMLList$ 4
sizeof SecurityError$ 4
sizeof ArgumentError$ 4
sizeof URIError 12
sizeof VerifyError$ 4
sizeof DefinitionError$ 4
sizeof RangeError 12
sizeof Object$ 4
sizeof global4 4
sizeof Trace$ 28
sizeof Sample 16
sizeof global7 4
sizeof global1 4
sizeof global3 16
sizeof Endian$ 8
sizeof StackFrame 12
sizeof System$ 4
sizeof global6 4
sizeof DeleteObjectSample 32
sizeof global5 4
sizeof global0 4
sizeof global2 4
sizeof NewObjectSample 32
sizeof global8 12
