--2009-04-28 09:00:47--  http://10.60.48.47/builds/asc/latest//asc.jar
Connecting to 10.60.48.47:80... connected.
HTTP request sent, awaiting response... 200 OK
Length: 1204081 (1.1M) [text/plain]
Saving to: `c:/buildbot/tamarin-redux/winmobile-arm/tamarin-redux/utils/asc.jar'

     0K .......... .......... .......... .......... ..........  4% 9.81M 0s
    50K .......... .......... .......... .......... ..........  8%  266K 2s
   100K .......... .......... .......... .......... .......... 12%  250K 3s
   150K .......... .......... .......... .......... .......... 17%  250K 3s
   200K .......... .......... .......... .......... .......... 21% 12.1M 2s
   250K .......... .......... .......... .......... .......... 25%  250K 2s
   300K .......... .......... .......... .......... .......... 29%  250K 2s
   350K .......... .......... .......... .......... .......... 34% 9.20M 2s
   400K .......... .......... .......... .......... .......... 38%  258K 2s
   450K .......... .......... .......... .......... .......... 42% 11.4M 2s
   500K .......... .......... .......... .......... .......... 46% 10.3M 1s
   550K .......... .......... .......... .......... .......... 51% 9.34M 1s
   600K .......... .......... .......... .......... .......... 55%  266K 1s
   650K .......... .......... .......... .......... .......... 59% 12.0M 1s
   700K .......... .......... .......... .......... .......... 63% 11.4M 1s
   750K .......... .......... .......... .......... .......... 68% 9.27M 1s
   800K .......... .......... .......... .......... .......... 72%  266K 1s
   850K .......... .......... .......... .......... .......... 76% 9.52M 0s
   900K .......... .......... .......... .......... .......... 80% 11.0M 0s
   950K .......... .......... .......... .......... .......... 85%  259K 0s
  1000K .......... .......... .......... .......... .......... 89%  249K 0s
  1050K .......... .......... .......... .......... .......... 93% 10.2M 0s
  1100K .......... .......... .......... .......... .......... 97% 11.8M 0s
  1150K .......... .......... .....                           100% 8.25M=2.0s

2009-04-28 09:00:49 (583 KB/s) - `c:/buildbot/tamarin-redux/winmobile-arm/tamarin-redux/utils/asc.jar' saved [1204081/1204081]

